Mar 26 23:10:42.720 INFO Ballot Leader Election componentMar 26 23:10:43.225 DEBG Newly elected leader: Ballot { n: 0, priority: 0, pid: 9 }
10:42.793 TRCE Heartbeat request from 4
Mar 26 23:10:42.804 TRCE Heartbeat request from 2
Mar 26 23:10:42.817 TRCE Heartbeat request from 9
Mar 26 23:10:42.828 TRCE Heartbeat request from 3
Mar 26 23:10:42.837 TRCE Heartbeat request from 5
Mar 26 23:10:42.848 TRCE Heartbeat request from 6
Mar 26 23:10:42.863 TRCE Heartbeat request from 8
Mar 26 23:10:42.867 TRCE Heartbeat request from 1
Mar 26 23:10:43.206 TRCE Heartbeat request from 2
Mar 26 23:10:43.262 TRCE Heartbeat request from 9
Mar 26 23:10:43.275 TRCE Heartbeat request from 4
Mar 26 23:10:43.286 TRCE Heartbeat request from 3
Mar 26 23:10:43.295 TRCE Heartbeat timeout round: 1
Mar 26 23:10:43.305 DEBG Received a majority of heartbeats [(Ballot { n: 0, priority: 0, pid: 4 }, true), (Ballot { n: 0, priority: 0, pid: 3 }, true), (Ballot { n: 0, priority: 0, pid: 9 }, true), (Ballot { n: 0, priority: 0, pid: 2 }, true), (Ballot { n: 0, priority: 0, pid: 5 }, true), (Ballot { n: 0, priority: 0, pid: 1 }, true), (Ballot { n: 0, priority: 0, pid: 6 }, true), (Ballot { n: 0, priority: 0, pid: 8 }, true)]
Mar 26 23:10:43.311 DEBG BLE 7, New Leader elected: Ballot { n: 0, priority: 0, pid: 9 }
Mar 26 23:10:43.319 TRCE Initiate new heartbeat round: 2
Mar 26 23:10:43.329 TRCE Heartbeat request from 5
Mar 26 23:10:43.335 TRCE Heartbeat request from 8
Mar 26 23:10:43.343 TRCE Heartbeat request from 6
Mar 26 23:10:43.354 TRCE Heartbeat request from 1
