Mar 26 23:10:42.710 INFO Ballot Leader Election componentMar 26 23:10:43.198 DEBG Newly elected leader: Ballot { n: 0, priority: 0, pid: 9 }
Mar 26 23:10:43.264 TRCE Forwarding proposal to Leader 9
02 TRCE Heartbeat request from 2
Mar 26 23:10:42.807 TRCE Heartbeat request from 9
Mar 26 23:10:42.814 TRCE Heartbeat request from 5
Mar 26 23:10:42.824 TRCE Heartbeat request from 6
Mar 26 23:10:42.838 TRCE Heartbeat request from 7
Mar 26 23:10:42.847 TRCE Heartbeat request from 8
Mar 26 23:10:42.854 TRCE Heartbeat request from 1
Mar 26 23:10:43.205 TRCE Heartbeat timeout round: 1
Mar 26 23:10:43.250 DEBG Received a majority of heartbeats [(Ballot { n: 0, priority: 0, pid: 5 }, true), (Ballot { n: 0, priority: 0, pid: 6 }, true), (Ballot { n: 0, priority: 0, pid: 7 }, true), (Ballot { n: 0, priority: 0, pid: 8 }, true), (Ballot { n: 0, priority: 0, pid: 1 }, true), (Ballot { n: 0, priority: 0, pid: 4 }, true), (Ballot { n: 0, priority: 0, pid: 9 }, true), (Ballot { n: 0, priority: 0, pid: 2 }, true)]
Mar 26 23:10:43.267 DEBG BLE 3, New Leader elected: Ballot { n: 0, priority: 0, pid: 9 }
Mar 26 23:10:43.276 TRCE Initiate new heartbeat round: 2
Mar 26 23:10:43.289 TRCE Heartbeat request from 2
Mar 26 23:10:43.299 TRCE Heartbeat request from 9
Mar 26 23:10:43.306 TRCE Heartbeat request from 4
Mar 26 23:10:43.321 TRCE Heartbeat request from 5
Mar 26 23:10:43.328 TRCE Heartbeat request from 8
Mar 26 23:10:43.335 TRCE Heartbeat request from 6
Mar 26 23:10:43.345 TRCE Heartbeat request from 7
Mar 26 23:10:43.349 TRCE Heartbeat request from 1
