Mar 27 21:02:05.567 INFO Paxos component pid: 4 created!
Mar 27 21:02:26.136 DEBG Newly elected leader: Ballot { n: 0, priority: 0, pid: 9 }
02:25.736 TRCE Heartbeat request from 1
Mar 27 21:02:25.742 TRCE Heartbeat request from 6
Mar 27 21:02:25.749 TRCE Heartbeat request from 3
Mar 27 21:02:25.754 TRCE Heartbeat request from 7
Mar 27 21:02:25.761 TRCE Heartbeat request from 2
Mar 27 21:02:25.770 TRCE Heartbeat request from 8
Mar 27 21:02:25.782 TRCE Heartbeat request from 5
Mar 27 21:02:25.799 TRCE Heartbeat request from 9
Mar 27 21:02:26.144 TRCE Heartbeat timeout round: 1
Mar 27 21:02:26.163 DEBG Received a majority of heartbeats [(Ballot { n: 0, priority: 0, pid: 6 }, true), (Ballot { n: 0, priority: 0, pid: 3 }, true), (Ballot { n: 0, priority: 0, pid: 2 }, true), (Ballot { n: 0, priority: 0, pid: 7 }, true), (Ballot { n: 0, priority: 0, pid: 8 }, true), (Ballot { n: 0, priority: 0, pid: 5 }, true), (Ballot { n: 0, priority: 0, pid: 9 }, true), (Ballot { n: 0, priority: 0, pid: 1 }, true)]
Mar 27 21:02:26.172 DEBG BLE 4, New Leader elected: Ballot { n: 0, priority: 0, pid: 9 }
Mar 27 21:02:26.181 TRCE Initiate new heartbeat round: 2
Mar 27 21:02:26.188 TRCE Heartbeat request from 1
Mar 27 21:02:26.195 TRCE Heartbeat request from 6
Mar 27 21:02:26.204 TRCE Heartbeat request from 3
Mar 27 21:02:26.210 TRCE Heartbeat request from 5
Mar 27 21:02:26.218 TRCE Heartbeat request from 2
Mar 27 21:02:26.233 TRCE Heartbeat request from 7
