Mar 26 23:10:42.739 INFO Ballot Leader Election componentMar 26 23:10:43.235 DEBG Newly elected leader: Ballot { n: 0, priority: 0, pid: 9 }
Mar 26 23:10:43.267 DEBG Handling promise from 4 in Prepare phase
Mar 26 23:10:43.274 DEBG Handling promise from 2 in Prepare phase
Mar 26 23:10:43.283 DEBG Handling promise from 6 in Prepare phase
Mar 26 23:10:43.287 DEBG Handling promise from 5 in Prepare phase
Mar 26 23:10:43.295 DEBG Self role Leader, phase Accept. Incoming message Promise Accept from 3
Mar 26 23:10:43.302 TRCE Incoming Forwarded Proposal
Mar 26 23:10:43.314 DEBG Self role Leader, phase Accept. Incoming message Promise Accept from 1
Mar 26 23:10:43.322 DEBG Self role Leader, phase Accept. Incoming message Promise Accept from 7
Mar 26 23:10:43.335 DEBG Self role Leader, phase Accept. Incoming message Promise Accept from 8
Mar 26 23:10:43.346 TRCE Got Accepted from 4, idx: 1, chosen_idx: 0
Mar 26 23:10:43.354 TRCE Got Accepted from 3, idx: 1, chosen_idx: 0
Mar 26 23:10:43.355 TRCE Got Accepted from 1, idx: 1, chosen_idx: 0
Mar 26 23:10:43.356 TRCE Got Accepted from 6, idx: 1, chosen_idx: 0
Mar 26 23:10:43.357 TRCE Got Accepted from 2, idx: 1, chosen_idx: 1
Mar 26 23:10:43.358 TRCE Got Accepted from 5, idx: 1, chosen_idx: 1
Mar 26 23:10:43.358 TRCE Got Accepted from 8, idx: 1, chosen_idx: 1
Mar 26 23:10:43.359 TRCE Got Accepted from 7, idx: 1, chosen_idx: 1
tbeat request from 8
Mar 26 23:10:43.314 TRCE Heartbeat request from 7
Mar 26 23:10:43.319 TRCE Heartbeat request from 6
Mar 26 23:10:43.326 TRCE Heartbeat request from 1
