May 15 20:14:22.587 INFO Paxos component pid: 5 created!
 pid: 5 created!
May 15 20:14:23.494 WARN Got late response, round 0, current delay 40, ballot Ballot { n: 0, priority: 0, pid: 4 }
May 15 20:14:23.648 WARN Got late response, round 0, current delay 40, ballot Ballot { n: 0, priority: 0, pid: 1 }
May 15 20:14:23.869 TRCE Heartbeat timeout round: 0
May 15 20:14:23.870 WARN Did not receive a majority of heartbeats []
May 15 20:14:23.871 TRCE Initiate new heartbeat round: 1
May 15 20:14:23.872 TRCE Heartbeat request from 1
May 15 20:14:23.872 TRCE Heartbeat request from 2
May 15 20:14:23.873 TRCE Heartbeat request from 3
May 15 20:14:23.874 TRCE Heartbeat request from 4
May 15 20:14:24.495 WARN Got late response, round 1, current delay 40, ballot Ballot { n: 1, priority: 0, pid: 2 }
May 15 20:14:24.897 WARN Got late response, round 1, current delay 40, ballot Ballot { n: 0, priority: 0, pid: 4 }
May 15 20:14:24.898 WARN Got late response, round 1, current delay 40, ballot Ballot { n: 0, priority: 0, pid: 1 }
May 15 20:14:25.210 TRCE Heartbeat timeout round: 1
May 15 20:14:25.211 WARN Did not receive a majority of heartbeats []
May 15 20:14:25.212 TRCE Initiate new heartbeat round: 2
May 15 20:14:25.212 TRCE Heartbeat request from 1
May 15 20:14:25.213 TRCE Heartbeat request from 2
May 15 20:14:25.214 TRCE Heartbeat request from 3
May 15 20:14:25.215 TRCE Heartbeat request from 4
May 15 20:14:25.840 WARN Got late response, round 2, current delay 40, ballot Ballot { n: 1, priority: 0, pid: 2 }
May 15 20:14:26.044 WARN Got late response, round 2, current delay 40, ballot Ballot { n: 2, priority: 0, pid: 1 }
May 15 20:14:26.246 WARN Got late response, round 2, current delay 40, ballot Ballot { n: 2, priority: 0, pid: 4 }
May 15 20:14:26.559 TRCE Heartbeat timeout round: 2
May 15 20:14:26.560 WARN Did not receive a majority of heartbeats []
May 15 20:14:26.561 TRCE Initiate new heartbeat round: 3
May 15 20:14:26.562 TRCE Heartbeat request from 1
May 15 20:14:26.563 TRCE Heartbeat request from 2
May 15 20:14:26.563 TRCE Heartbeat request from 3
May 15 20:14:26.564 TRCE Heartbeat request from 4
May 15 20:14:26.763 WARN Got late response, round 3, current delay 40, ballot Ballot { n: 1, priority: 0, pid: 2 }
May 15 20:14:27.173 WARN Got late response, round 3, current delay 40, ballot Ballot { n: 2, priority: 0, pid: 1 }
May 15 20:14:27.376 WARN Got late response, round 3, current delay 40, ballot Ballot { n: 2, priority: 0, pid: 4 }
May 15 20:14:27.795 TRCE Heartbeat timeout round: 3
May 15 20:14:27.796 WARN Did not receive a majority of heartbeats []
May 15 20:14:27.797 TRCE Initiate new heartbeat round: 4
May 15 20:14:27.798 TRCE Heartbeat request from 1
May 15 20:14:27.799 TRCE Heartbeat request from 2
May 15 20:14:27.800 TRCE Heartbeat request from 3
May 15 20:14:27.801 TRCE Heartbeat request from 4
May 15 20:14:28.000 WARN Got late response, round 4, current delay 40, ballot Ballot { n: 1, priority: 0, pid: 2 }
May 15 20:14:28.428 WARN Got late response, round 4, current delay 40, ballot Ballot { n: 2, priority: 0, pid: 1 }
May 15 20:14:28.695 WARN Got late response, round 4, current delay 40, ballot Ballot { n: 2, priority: 0, pid: 4 }
May 15 20:14:28.899 TRCE Heartbeat timeout round: 4
May 15 20:14:28.900 WARN Did not receive a majority of heartbeats []
May 15 20:14:28.901 TRCE Initiate new heartbeat round: 5
May 15 20:14:28.902 TRCE Heartbeat request from 1
May 15 20:14:28.903 TRCE Heartbeat request from 2
May 15 20:14:28.904 TRCE Heartbeat request from 3
May 15 20:14:28.904 TRCE Heartbeat request from 4
May 15 20:14:29.244 WARN Got late response, round 5, current delay 40, ballot Ballot { n: 1, priority: 0, pid: 2 }
May 15 20:14:29.685 WARN Got late response, round 5, current delay 40, ballot Ballot { n: 2, priority: 0, pid: 1 }
May 15 20:14:29.887 WARN Got late response, round 5, current delay 40, ballot Ballot { n: 2, priority: 0, pid: 4 }
May 15 20:14:30.186 TRCE Heartbeat timeout round: 5
May 15 20:14:30.187 WARN Did not receive a majority of heartbeats []
May 15 20:14:30.188 TRCE Initiate new heartbeat round: 6
May 15 20:14:30.188 TRCE Heartbeat request from 1
May 15 20:14:30.189 TRCE Heartbeat request from 2
May 15 20:14:30.190 TRCE Heartbeat request from 3
May 15 20:14:30.191 TRCE Heartbeat request from 4
May 15 20:14:30.812 WARN Got late response, round 6, current delay 40, ballot Ballot { n: 1, priority: 0, pid: 2 }
May 15 20:14:31.013 WARN Got late response, round 6, current delay 40, ballot Ballot { n: 2, priority: 0, pid: 1 }
May 15 20:14:31.217 WARN Got late response, round 6, current delay 40, ballot Ballot { n: 2, priority: 0, pid: 4 }
May 15 20:14:31.437 TRCE Heartbeat timeout round: 6
May 15 20:14:31.438 WARN Did not receive a majority of heartbeats []
May 15 20:14:31.438 TRCE Initiate new heartbeat round: 7
May 15 20:14:31.439 TRCE Heartbeat request from 1
May 15 20:14:31.440 TRCE Heartbeat request from 2
May 15 20:14:31.441 TRCE Heartbeat request from 3
May 15 20:14:31.442 TRCE Heartbeat request from 4
May 15 20:14:31.655 WARN Got late response, round 7, current delay 40, ballot Ballot { n: 1, priority: 0, pid: 2 }
May 15 20:14:32.267 WARN Got late response, round 7, current delay 40, ballot Ballot { n: 2, priority: 0, pid: 1 }
May 15 20:14:32.689 WARN Got late response, round 7, current delay 40, ballot Ballot { n: 2, priority: 0, pid: 4 }
May 15 20:14:32.690 TRCE Heartbeat timeout round: 7
May 15 20:14:32.690 WARN Did not receive a majority of heartbeats []
May 15 20:14:32.691 TRCE Initiate new heartbeat round: 8
May 15 20:14:32.692 TRCE Heartbeat request from 1
May 15 20:14:32.693 TRCE Heartbeat request from 2
May 15 20:14:32.694 TRCE Heartbeat request from 3
May 15 20:14:32.695 TRCE Heartbeat request from 4
May 15 20:14:33.114 WARN Got late response, round 8, current delay 40, ballot Ballot { n: 1, priority: 0, pid: 2 }
May 15 20:14:33.525 WARN Got late response, round 8, current delay 40, ballot Ballot { n: 2, priority: 0, pid: 1 }
May 15 20:14:33.727 WARN Got late response, round 8, current delay 40, ballot Ballot { n: 2, priority: 0, pid: 4 }
May 15 20:14:33.948 TRCE Heartbeat timeout round: 8
May 15 20:14:33.949 WARN Did not receive a majority of heartbeats []
May 15 20:14:33.950 TRCE Initiate new heartbeat round: 9
May 15 20:14:33.963 TRCE Heartbeat request from 1
May 15 20:14:33.964 TRCE Heartbeat request from 2
May 15 20:14:33.965 TRCE Heartbeat request from 3
May 15 20:14:33.966 TRCE Heartbeat request from 4
May 15 20:14:34.370 WARN Got late response, round 9, current delay 40, ballot Ballot { n: 1, priority: 0, pid: 2 }
May 15 20:14:34.777 WARN Got late response, round 9, current delay 40, ballot Ballot { n: 2, priority: 0, pid: 1 }
May 15 20:14:34.980 WARN Got late response, round 9, current delay 40, ballot Ballot { n: 2, priority: 0, pid: 4 }
May 15 20:14:35.294 TRCE Heartbeat timeout round: 9
May 15 20:14:35.295 WARN Did not receive a majority of heartbeats []
May 15 20:14:35.296 TRCE Initiate new heartbeat round: 10
May 15 20:14:35.297 TRCE Heartbeat request from 1
May 15 20:14:35.298 TRCE Heartbeat request from 2
May 15 20:14:35.299 TRCE Heartbeat request from 3
May 15 20:14:35.299 TRCE Heartbeat request from 4
May 15 20:14:35.715 WARN Got late response, round 10, current delay 40, ballot Ballot { n: 1, priority: 0, pid: 2 }
May 15 20:14:35.921 WARN Got late response, round 10, current delay 40, ballot Ballot { n: 2, priority: 0, pid: 1 }
May 15 20:14:36.354 WARN Got late response, round 10, current delay 40, ballot Ballot { n: 2, priority: 0, pid: 4 }
May 15 20:14:36.558 TRCE Heartbeat timeout round: 10
May 15 20:14:36.559 WARN Did not receive a majority of heartbeats []
May 15 20:14:36.560 TRCE Initiate new heartbeat round: 11
May 15 20:14:36.561 TRCE Heartbeat request from 1
May 15 20:14:36.561 TRCE Heartbeat request from 2
May 15 20:14:36.562 TRCE Heartbeat request from 3
May 15 20:14:36.563 TRCE Heartbeat request from 4
May 15 20:14:36.964 WARN Got late response, round 11, current delay 40, ballot Ballot { n: 1, priority: 0, pid: 2 }
May 15 20:14:37.373 WARN Got late response, round 11, current delay 40, ballot Ballot { n: 2, priority: 0, pid: 1 }
May 15 20:14:37.373 WARN Got late response, round 11, current delay 40, ballot Ballot { n: 2, priority: 0, pid: 4 }
May 15 20:14:37.654 TRCE Heartbeat timeout round: 11
May 15 20:14:37.655 WARN Did not receive a majority of heartbeats []
May 15 20:14:37.656 TRCE Initiate new heartbeat round: 12
May 15 20:14:37.657 TRCE Heartbeat request from 1
May 15 20:14:37.658 TRCE Heartbeat request from 2
May 15 20:14:37.658 TRCE Heartbeat request from 3
May 15 20:14:37.659 TRCE Heartbeat request from 4
May 15 20:14:38.326 WARN Got late response, round 12, current delay 40, ballot Ballot { n: 1, priority: 0, pid: 2 }
May 15 20:14:38.719 WARN Got late response, round 12, current delay 40, ballot Ballot { n: 2, priority: 0, pid: 1 }
May 15 20:14:38.720 WARN Got late response, round 12, current delay 40, ballot Ballot { n: 2, priority: 0, pid: 4 }
May 15 20:14:38.924 TRCE Heartbeat timeout round: 12
May 15 20:14:38.925 WARN Did not receive a majority of heartbeats []
May 15 20:14:38.926 TRCE Initiate new heartbeat round: 13
May 15 20:14:38.926 TRCE Heartbeat request from 1
May 15 20:14:38.927 TRCE Heartbeat request from 2
May 15 20:14:38.928 TRCE Heartbeat request from 3
May 15 20:14:38.929 TRCE Heartbeat request from 4
May 15 20:14:39.345 WARN Got late response, round 13, current delay 40, ballot Ballot { n: 1, priority: 0, pid: 2 }
May 15 20:14:39.752 WARN Got late response, round 13, current delay 40, ballot Ballot { n: 2, priority: 0, pid: 1 }
May 15 20:14:39.957 WARN Got late response, round 13, current delay 40, ballot Ballot { n: 2, priority: 0, pid: 4 }
May 15 20:14:40.239 TRCE Heartbeat timeout round: 13
May 15 20:14:40.240 WARN Did not receive a majority of heartbeats []
May 15 20:14:40.241 TRCE Initiate new heartbeat round: 14
May 15 20:14:40.242 TRCE Heartbeat request from 1
May 15 20:14:40.243 TRCE Heartbeat request from 2
May 15 20:14:40.243 TRCE Heartbeat request from 3
May 15 20:14:40.244 TRCE Heartbeat request from 4
May 15 20:14:40.866 WARN Got late response, round 14, current delay 40, ballot Ballot { n: 1, priority: 0, pid: 2 }
May 15 20:14:41.068 WARN Got late response, round 14, current delay 40, ballot Ballot { n: 2, priority: 0, pid: 1 }
May 15 20:14:41.270 WARN Got late response, round 14, current delay 40, ballot Ballot { n: 2, priority: 0, pid: 4 }
May 15 20:14:41.550 TRCE Heartbeat timeout round: 14
May 15 20:14:41.551 WARN Did not receive a majority of heartbeats []
May 15 20:14:41.552 TRCE Initiate new heartbeat round: 15
May 15 20:14:41.553 TRCE Heartbeat request from 1
May 15 20:14:41.554 TRCE Heartbeat request from 2
May 15 20:14:41.555 TRCE Heartbeat request from 3
May 15 20:14:41.555 TRCE Heartbeat request from 4
May 15 20:14:41.973 WARN Got late response, round 15, current delay 40, ballot Ballot { n: 1, priority: 0, pid: 2 }
May 15 20:14:42.381 WARN Got late response, round 15, current delay 40, ballot Ballot { n: 2, priority: 0, pid: 1 }
May 15 20:14:42.586 WARN Got late response, round 15, current delay 40, ballot Ballot { n: 2, priority: 0, pid: 4 }
May 15 20:14:42.664 TRCE Heartbeat timeout round: 15
May 15 20:14:42.665 WARN Did not receive a majority of heartbeats []
May 15 20:14:42.666 TRCE Initiate new heartbeat round: 16
May 15 20:14:42.679 TRCE Heartbeat request from 1
May 15 20:14:42.680 TRCE Heartbeat request from 2
May 15 20:14:42.681 TRCE Heartbeat request from 3
May 15 20:14:42.682 TRCE Heartbeat request from 4
May 15 20:14:42.884 WARN Got late response, round 16, current delay 40, ballot Ballot { n: 1, priority: 0, pid: 2 }
May 15 20:14:43.515 WARN Got late response, round 16, current delay 40, ballot Ballot { n: 2, priority: 0, pid: 1 }
May 15 20:14:43.703 WARN Got late response, round 16, current delay 40, ballot Ballot { n: 2, priority: 0, pid: 4 }
May 15 20:14:43.986 TRCE Heartbeat timeout round: 16
May 15 20:14:43.987 WARN Did not receive a majority of heartbeats []
May 15 20:14:43.988 TRCE Initiate new heartbeat round: 17
May 15 20:14:43.989 TRCE Heartbeat request from 1
May 15 20:14:43.990 TRCE Heartbeat request from 2
May 15 20:14:43.991 TRCE Heartbeat request from 3
May 15 20:14:43.991 TRCE Heartbeat request from 4
May 15 20:14:44.411 WARN Got late response, round 17, current delay 40, ballot Ballot { n: 1, priority: 0, pid: 2 }
May 15 20:14:45.056 WARN Got late response, round 17, current delay 40, ballot Ballot { n: 2, priority: 0, pid: 1 }
May 15 20:14:45.056 WARN Got late response, round 17, current delay 40, ballot Ballot { n: 2, priority: 0, pid: 4 }
May 15 20:14:45.277 TRCE Heartbeat timeout round: 17
May 15 20:14:45.278 WARN Did not receive a majority of heartbeats []
May 15 20:14:45.278 TRCE Initiate new heartbeat round: 18
May 15 20:14:45.279 TRCE Heartbeat request from 1
May 15 20:14:45.280 TRCE Heartbeat request from 2
May 15 20:14:45.281 TRCE Heartbeat request from 3
May 15 20:14:45.282 TRCE Heartbeat request from 4
May 15 20:14:45.901 WARN Got late response, round 18, current delay 40, ballot Ballot { n: 1, priority: 0, pid: 2 }
May 15 20:14:46.105 WARN Got late response, round 18, current delay 40, ballot Ballot { n: 2, priority: 0, pid: 1 }
May 15 20:14:46.308 WARN Got late response, round 18, current delay 40, ballot Ballot { n: 2, priority: 0, pid: 4 }
May 15 20:14:46.527 TRCE Heartbeat timeout round: 18
May 15 20:14:46.528 WARN Did not receive a majority of heartbeats []
May 15 20:14:46.529 TRCE Initiate new heartbeat round: 19
May 15 20:14:46.529 TRCE Heartbeat request from 1
May 15 20:14:46.530 TRCE Heartbeat request from 2
May 15 20:14:46.531 TRCE Heartbeat request from 3
May 15 20:14:46.532 TRCE Heartbeat request from 4
May 15 20:14:47.155 WARN Got late response, round 19, current delay 40, ballot Ballot { n: 1, priority: 0, pid: 2 }
May 15 20:14:47.360 WARN Got late response, round 19, current delay 40, ballot Ballot { n: 2, priority: 0, pid: 1 }
May 15 20:14:47.562 WARN Got late response, round 19, current delay 40, ballot Ballot { n: 2, priority: 0, pid: 4 }
May 15 20:14:47.779 TRCE Heartbeat timeout round: 19
May 15 20:14:47.780 WARN Did not receive a majority of heartbeats []
May 15 20:14:47.781 TRCE Initiate new heartbeat round: 20
May 15 20:14:47.782 TRCE Heartbeat request from 1
May 15 20:14:47.782 TRCE Heartbeat request from 2
May 15 20:14:47.783 TRCE Heartbeat request from 3
May 15 20:14:47.784 TRCE Heartbeat request from 4
May 15 20:14:48.408 WARN Got late response, round 20, current delay 40, ballot Ballot { n: 1, priority: 0, pid: 2 }
May 15 20:14:48.610 WARN Got late response, round 20, current delay 40, ballot Ballot { n: 2, priority: 0, pid: 1 }
May 15 20:14:48.813 WARN Got late response, round 20, current delay 40, ballot Ballot { n: 2, priority: 0, pid: 4 }
May 15 20:14:49.127 TRCE Heartbeat timeout round: 20
May 15 20:14:49.128 WARN Did not receive a majority of heartbeats []
May 15 20:14:49.129 TRCE Initiate new heartbeat round: 21
May 15 20:14:49.130 TRCE Heartbeat request from 1
May 15 20:14:49.131 TRCE Heartbeat request from 2
May 15 20:14:49.132 TRCE Heartbeat request from 3
May 15 20:14:49.133 TRCE Heartbeat request from 4
May 15 20:14:49.756 WARN Got late response, round 21, current delay 40, ballot Ballot { n: 1, priority: 0, pid: 2 }
May 15 20:14:49.756 WARN Got late response, round 21, current delay 40, ballot Ballot { n: 2, priority: 0, pid: 1 }
May 15 20:14:49.958 WARN Got late response, round 21, current delay 40, ballot Ballot { n: 2, priority: 0, pid: 4 }
May 15 20:14:50.255 TRCE Heartbeat timeout round: 21
May 15 20:14:50.256 WARN Did not receive a majority of heartbeats []
May 15 20:14:50.257 TRCE Initiate new heartbeat round: 22
May 15 20:14:50.257 TRCE Heartbeat request from 1
May 15 20:14:50.258 TRCE Heartbeat request from 2
May 15 20:14:50.259 TRCE Heartbeat request from 3
May 15 20:14:50.260 TRCE Heartbeat request from 4
May 15 20:14:50.881 WARN Got late response, round 22, current delay 40, ballot Ballot { n: 1, priority: 0, pid: 2 }
May 15 20:14:51.086 WARN Got late response, round 22, current delay 40, ballot Ballot { n: 2, priority: 0, pid: 1 }
May 15 20:14:51.385 WARN Got late response, round 22, current delay 40, ballot Ballot { n: 2, priority: 0, pid: 4 }
May 15 20:14:51.605 TRCE Heartbeat timeout round: 22
May 15 20:14:51.606 WARN Did not receive a majority of heartbeats []
May 15 20:14:51.606 TRCE Initiate new heartbeat round: 23
May 15 20:14:51.607 TRCE Heartbeat request from 1
May 15 20:14:51.608 TRCE Heartbeat request from 2
May 15 20:14:51.608 TRCE Heartbeat request from 3
May 15 20:14:51.609 TRCE Heartbeat request from 4
May 15 20:14:52.231 WARN Got late response, round 23, current delay 40, ballot Ballot { n: 1, priority: 0, pid: 2 }
May 15 20:14:52.435 WARN Got late response, round 23, current delay 40, ballot Ballot { n: 2, priority: 0, pid: 1 }
May 15 20:14:52.639 WARN Got late response, round 23, current delay 40, ballot Ballot { n: 2, priority: 0, pid: 4 }
May 15 20:14:52.717 TRCE Heartbeat timeout round: 23
May 15 20:14:52.718 WARN Did not receive a majority of heartbeats []
May 15 20:14:52.719 TRCE Initiate new heartbeat round: 24
May 15 20:14:52.720 TRCE Heartbeat request from 1
May 15 20:14:52.720 TRCE Heartbeat request from 2
May 15 20:14:52.721 TRCE Heartbeat request from 3
May 15 20:14:52.722 TRCE Heartbeat request from 4
May 15 20:14:53.154 WARN Got late response, round 24, current delay 40, ballot Ballot { n: 1, priority: 0, pid: 2 }
May 15 20:14:53.782 WARN Got late response, round 24, current delay 40, ballot Ballot { n: 2, priority: 0, pid: 1 }
May 15 20:14:53.783 WARN Got late response, round 24, current delay 40, ballot Ballot { n: 2, priority: 0, pid: 4 }
May 15 20:14:53.986 TRCE Heartbeat timeout round: 24
May 15 20:14:53.987 WARN Did not receive a majority of heartbeats []
May 15 20:14:53.988 TRCE Initiate new heartbeat round: 25
May 15 20:14:53.989 TRCE Heartbeat request from 1
May 15 20:14:53.989 TRCE Heartbeat request from 2
May 15 20:14:53.990 TRCE Heartbeat request from 3
May 15 20:14:53.991 TRCE Heartbeat request from 4
May 15 20:14:54.612 WARN Got late response, round 25, current delay 40, ballot Ballot { n: 1, priority: 0, pid: 2 }
May 15 20:14:54.817 WARN Got late response, round 25, current delay 40, ballot Ballot { n: 2, priority: 0, pid: 1 }
May 15 20:14:55.020 WARN Got late response, round 25, current delay 40, ballot Ballot { n: 2, priority: 0, pid: 4 }
May 15 20:14:55.335 TRCE Heartbeat timeout round: 25
May 15 20:14:55.336 WARN Did not receive a majority of heartbeats []
May 15 20:14:55.337 TRCE Initiate new heartbeat round: 26
May 15 20:14:55.338 TRCE Heartbeat request from 1
May 15 20:14:55.338 TRCE Heartbeat request from 2
May 15 20:14:55.339 TRCE Heartbeat request from 3
May 15 20:14:55.340 TRCE Heartbeat request from 4
May 15 20:14:55.553 WARN Got late response, round 26, current delay 40, ballot Ballot { n: 1, priority: 0, pid: 2 }
May 15 20:14:56.166 WARN Got late response, round 26, current delay 40, ballot Ballot { n: 2, priority: 0, pid: 1 }
May 15 20:14:56.370 WARN Got late response, round 26, current delay 40, ballot Ballot { n: 2, priority: 0, pid: 4 }
May 15 20:14:56.680 TRCE Heartbeat timeout round: 26
May 15 20:14:56.681 WARN Did not receive a majority of heartbeats []
May 15 20:14:56.682 TRCE Initiate new heartbeat round: 27
May 15 20:14:56.683 TRCE Heartbeat request from 1
May 15 20:14:56.684 TRCE Heartbeat request from 2
May 15 20:14:56.685 TRCE Heartbeat request from 3
May 15 20:14:56.685 TRCE Heartbeat request from 4
May 15 20:14:56.883 WARN Got late response, round 27, current delay 40, ballot Ballot { n: 1, priority: 0, pid: 2 }
May 15 20:14:57.491 WARN Got late response, round 27, current delay 40, ballot Ballot { n: 2, priority: 0, pid: 1 }
May 15 20:14:57.492 WARN Got late response, round 27, current delay 40, ballot Ballot { n: 2, priority: 0, pid: 4 }
May 15 20:14:57.789 TRCE Heartbeat timeout round: 27
May 15 20:14:57.790 WARN Did not receive a majority of heartbeats []
May 15 20:14:57.791 TRCE Initiate new heartbeat round: 28
May 15 20:14:57.792 TRCE Heartbeat request from 1
May 15 20:14:57.792 TRCE Heartbeat request from 2
May 15 20:14:57.793 TRCE Heartbeat request from 3
May 15 20:14:57.794 TRCE Heartbeat request from 4
May 15 20:14:58.225 WARN Got late response, round 28, current delay 40, ballot Ballot { n: 1, priority: 0, pid: 2 }
May 15 20:14:58.656 WARN Got late response, round 28, current delay 40, ballot Ballot { n: 2, priority: 0, pid: 1 }
May 15 20:14:58.860 WARN Got late response, round 28, current delay 40, ballot Ballot { n: 2, priority: 0, pid: 4 }
May 15 20:14:59.066 TRCE Heartbeat timeout round: 28
May 15 20:14:59.067 WARN Did not receive a majority of heartbeats []
May 15 20:14:59.068 TRCE Initiate new heartbeat round: 29
May 15 20:14:59.068 TRCE Heartbeat request from 1
May 15 20:14:59.069 TRCE Heartbeat request from 2
May 15 20:14:59.070 TRCE Heartbeat request from 3
May 15 20:14:59.071 TRCE Heartbeat request from 4
