Mar 26 23:10:42.724 INFO Paxos component pid: 2 created!
Mar 26 23:10:43.216 DEBG Newly elected leader: Ballot { n: 0, priority: 0, pid: 9 }
10:42.792 TRCE Heartbeat request from 4
Mar 26 23:10:42.798 TRCE Heartbeat request from 9
Mar 26 23:10:42.806 TRCE Heartbeat request from 3
Mar 26 23:10:42.817 TRCE Heartbeat request from 5
Mar 26 23:10:42.832 TRCE Heartbeat request from 6
Mar 26 23:10:42.843 TRCE Heartbeat request from 7
Mar 26 23:10:42.854 TRCE Heartbeat request from 8
Mar 26 23:10:42.859 TRCE Heartbeat request from 1
Mar 26 23:10:43.201 TRCE Heartbeat timeout round: 1
Mar 26 23:10:43.259 DEBG Received a majority of heartbeats [(Ballot { n: 0, priority: 0, pid: 5 }, true), (Ballot { n: 0, priority: 0, pid: 6 }, true), (Ballot { n: 0, priority: 0, pid: 7 }, true), (Ballot { n: 0, priority: 0, pid: 8 }, true), (Ballot { n: 0, priority: 0, pid: 1 }, true), (Ballot { n: 0, priority: 0, pid: 4 }, true), (Ballot { n: 0, priority: 0, pid: 3 }, true), (Ballot { n: 0, priority: 0, pid: 9 }, true)]
Mar 26 23:10:43.272 DEBG BLE 2, New Leader elected: Ballot { n: 0, priority: 0, pid: 9 }
Mar 26 23:10:43.277 TRCE Initiate new heartbeat round: 2
Mar 26 23:10:43.285 TRCE Heartbeat request from 9
Mar 26 23:10:43.299 TRCE Heartbeat request from 4
Mar 26 23:10:43.313 TRCE Heartbeat request from 3
Mar 26 23:10:43.321 TRCE Heartbeat request from 5
Mar 26 23:10:43.328 TRCE Heartbeat request from 8
Mar 26 23:10:43.337 TRCE Heartbeat request from 6
Mar 26 23:10:43.345 TRCE Heartbeat request from 7
Mar 26 23:10:43.353 TRCE Heartbeat request from 1
