Mar 26 23:10:42.749 INFO Paxos component pid: 6 created!
Mar 26 23:10:43.225 DEBG Newly elected leader: Ballot { n: 0, priority: 0, pid: 9 }
10:42.797 TRCE Heartbeat request from 4
Mar 26 23:10:42.809 TRCE Heartbeat request from 2
Mar 26 23:10:42.824 TRCE Heartbeat request from 9
Mar 26 23:10:42.833 TRCE Heartbeat request from 3
Mar 26 23:10:42.840 TRCE Heartbeat request from 5
Mar 26 23:10:42.855 TRCE Heartbeat request from 7
Mar 26 23:10:42.868 TRCE Heartbeat request from 8
Mar 26 23:10:42.870 TRCE Heartbeat request from 1
Mar 26 23:10:43.237 TRCE Heartbeat request from 2
Mar 26 23:10:43.260 TRCE Heartbeat request from 9
Mar 26 23:10:43.278 TRCE Heartbeat request from 4
Mar 26 23:10:43.281 TRCE Heartbeat request from 3
Mar 26 23:10:43.290 TRCE Heartbeat timeout round: 1
Mar 26 23:10:43.302 DEBG Received a majority of heartbeats [(Ballot { n: 0, priority: 0, pid: 4 }, true), (Ballot { n: 0, priority: 0, pid: 3 }, true), (Ballot { n: 0, priority: 0, pid: 9 }, true), (Ballot { n: 0, priority: 0, pid: 2 }, true), (Ballot { n: 0, priority: 0, pid: 5 }, true), (Ballot { n: 0, priority: 0, pid: 1 }, true), (Ballot { n: 0, priority: 0, pid: 7 }, true), (Ballot { n: 0, priority: 0, pid: 8 }, true)]
Mar 26 23:10:43.308 DEBG BLE 6, New Leader elected: Ballot { n: 0, priority: 0, pid: 9 }
Mar 26 23:10:43.313 TRCE Initiate new heartbeat round: 2
Mar 26 23:10:43.320 TRCE Heartbeat request from 5
Mar 26 23:10:43.329 TRCE Heartbeat request from 8
Mar 26 23:10:43.338 TRCE Heartbeat request from 7
Mar 26 23:10:43.342 TRCE Heartbeat request from 1
